{"level":"info","message":"User ID: 1, Page: 1, Limit: 25, Offset: 0","timestamp":"2025-02-21T07:39:19.936Z"}
{"level":"info","message":"Successfully retrieved tasks for user 1 on page 1","timestamp":"2025-02-21T07:39:20.014Z"}
{"level":"info","message":"User ID: 1, Page: 1, Limit: 25, Offset: 0","timestamp":"2025-02-21T07:39:21.012Z"}
{"level":"info","message":"Successfully retrieved tasks for user 1 on page 1","timestamp":"2025-02-21T07:39:21.089Z"}
{"level":"info","message":"User jane.doe20@example.com logged in successfully","timestamp":"2025-02-21T07:43:43.863Z"}
{"level":"info","message":"User ID: 1, Page: 1, Limit: 5, Offset: 0","timestamp":"2025-02-21T07:43:47.545Z"}
{"level":"info","message":"Successfully retrieved tasks for user 1 on page 1","timestamp":"2025-02-21T07:43:47.956Z"}
{"level":"info","message":"User ID: 1, Page: 1, Limit: 5, Offset: 0","timestamp":"2025-02-21T07:43:47.983Z"}
{"level":"info","message":"Successfully retrieved tasks for user 1 on page 1","timestamp":"2025-02-21T07:43:48.076Z"}
{"level":"info","message":"User ID: 1, Page: 1, Limit: 5, Offset: 0","timestamp":"2025-02-21T07:43:55.003Z"}
{"level":"info","message":"Successfully retrieved tasks for user 1 on page 1","timestamp":"2025-02-21T07:43:55.116Z"}
{"level":"info","message":"User ID: 1, Page: 1, Limit: 5, Offset: 0","timestamp":"2025-02-21T07:43:59.078Z"}
{"level":"info","message":"Successfully retrieved tasks for user 1 on page 1","timestamp":"2025-02-21T07:43:59.186Z"}
{"level":"info","message":"User ID: 1, Page: 1, Limit: 5, Offset: 0","timestamp":"2025-02-21T07:43:59.832Z"}
{"level":"info","message":"Successfully retrieved tasks for user 1 on page 1","timestamp":"2025-02-21T07:43:59.895Z"}
{"level":"info","message":"User ID: 1, Page: 1, Limit: 5, Offset: 0","timestamp":"2025-02-21T07:44:07.393Z"}
{"level":"info","message":"Successfully retrieved tasks for user 1 on page 1","timestamp":"2025-02-21T07:44:07.469Z"}
{"level":"info","message":"User ID: 1, Page: 1, Limit: 5, Offset: 0","timestamp":"2025-02-21T07:44:09.658Z"}
{"level":"info","message":"Successfully retrieved tasks for user 1 on page 1","timestamp":"2025-02-21T07:44:09.721Z"}
{"level":"info","message":"User ID: 1, Page: 1, Limit: 5, Offset: 0","timestamp":"2025-02-21T07:44:10.841Z"}
{"level":"info","message":"Successfully retrieved tasks for user 1 on page 1","timestamp":"2025-02-21T07:44:10.923Z"}
{"level":"info","message":"User ID: 1, Page: 1, Limit: 5, Offset: 0","timestamp":"2025-02-21T07:44:11.900Z"}
{"level":"info","message":"Successfully retrieved tasks for user 1 on page 1","timestamp":"2025-02-21T07:44:11.979Z"}
{"level":"info","message":"User ID: 1, Page: 1, Limit: 5, Offset: 0","timestamp":"2025-02-21T07:46:13.466Z"}
{"level":"info","message":"Successfully retrieved tasks for user 1 on page 1","timestamp":"2025-02-21T07:46:13.553Z"}
{"level":"info","message":"User ID: 1, Page: 2, Limit: 5, Offset: 5","timestamp":"2025-02-21T07:46:19.042Z"}
{"level":"info","message":"Successfully retrieved tasks for user 1 on page 2","timestamp":"2025-02-21T07:46:19.126Z"}
{"level":"info","message":"User ID: 1, Page: 3, Limit: 5, Offset: 10","timestamp":"2025-02-21T07:46:20.307Z"}
{"level":"info","message":"Successfully retrieved tasks for user 1 on page 3","timestamp":"2025-02-21T07:46:20.381Z"}
{"level":"info","message":"User ID: 1, Page: 2, Limit: 5, Offset: 5","timestamp":"2025-02-21T07:46:22.353Z"}
{"level":"info","message":"Successfully retrieved tasks for user 1 on page 2","timestamp":"2025-02-21T07:46:22.423Z"}
{"level":"info","message":"User ID: 1, Page: 1, Limit: 5, Offset: 0","timestamp":"2025-02-21T07:46:23.477Z"}
{"level":"info","message":"Successfully retrieved tasks for user 1 on page 1","timestamp":"2025-02-21T07:46:23.562Z"}
{"level":"warn","message":"Login failed: Incorrect password for email 190128.cse@student.just.edu.bd","timestamp":"2025-02-21T07:48:29.507Z"}
{"level":"warn","message":"Login failed: Incorrect password for email 190128.cse@student.just.edu.bd","timestamp":"2025-02-21T07:48:30.727Z"}
{"level":"warn","message":"Login failed: Incorrect password for email 190128.cse@student.just.edu.bd","timestamp":"2025-02-21T07:48:31.851Z"}
{"level":"warn","message":"Login failed: Incorrect password for email 190128.cse@student.just.edu.bd","timestamp":"2025-02-21T07:48:33.018Z"}
{"level":"warn","message":"Login failed: Incorrect password for email 190128.cse@student.just.edu.bd","timestamp":"2025-02-21T07:48:34.194Z"}
{"level":"warn","message":"Login failed: Incorrect password for email 190128.cse@student.just.edu.bd","timestamp":"2025-02-21T07:48:35.322Z"}
{"level":"warn","message":"Login failed: Incorrect password for email 190128.cse@student.just.edu.bd","timestamp":"2025-02-21T07:48:36.436Z"}
{"level":"warn","message":"Login failed: Incorrect password for email 190128.cse@student.just.edu.bd","timestamp":"2025-02-21T07:48:37.632Z"}
{"level":"warn","message":"Login failed: Incorrect password for email 190128.cse@student.just.edu.bd","timestamp":"2025-02-21T07:48:38.802Z"}
{"level":"warn","message":"Login failed: Incorrect password for email 190128.cse@student.just.edu.bd","timestamp":"2025-02-21T07:48:39.963Z"}
{"level":"info","message":"User jane.doe20@example.com logged in successfully","timestamp":"2025-02-21T07:50:26.065Z"}
{"level":"info","message":"User ID: 1, Page: 1, Limit: 5, Offset: 0","timestamp":"2025-02-21T07:50:27.291Z"}
{"level":"info","message":"Successfully retrieved tasks for user 1 on page 1","timestamp":"2025-02-21T07:50:27.591Z"}
{"level":"info","message":"User ID: 1, Page: 1, Limit: 5, Offset: 0","timestamp":"2025-02-21T07:50:27.681Z"}
{"level":"info","message":"Successfully retrieved tasks for user 1 on page 1","timestamp":"2025-02-21T07:50:27.743Z"}
{"level":"info","message":"User ID: 1, Page: 1, Limit: 5, Offset: 0","timestamp":"2025-02-21T07:50:34.426Z"}
{"level":"info","message":"Successfully retrieved tasks for user 1 on page 1","timestamp":"2025-02-21T07:50:34.561Z"}
{"level":"info","message":"User ID: 1, Page: 1, Limit: 5, Offset: 0","timestamp":"2025-02-21T07:50:36.489Z"}
{"level":"info","message":"Successfully retrieved tasks for user 1 on page 1","timestamp":"2025-02-21T07:50:36.619Z"}
{"level":"info","message":"User ID: 1, Page: 1, Limit: 5, Offset: 0","timestamp":"2025-02-21T07:50:37.896Z"}
{"level":"info","message":"Successfully retrieved tasks for user 1 on page 1","timestamp":"2025-02-21T07:50:38.032Z"}
{"level":"info","message":"User ID: 1, Page: 1, Limit: 5, Offset: 0","timestamp":"2025-02-21T07:50:39.272Z"}
{"level":"info","message":"Successfully retrieved tasks for user 1 on page 1","timestamp":"2025-02-21T07:50:39.407Z"}
{"level":"info","message":"User ID: 1, Page: 1, Limit: 5, Offset: 0","timestamp":"2025-02-21T07:50:40.485Z"}
{"level":"info","message":"Successfully retrieved tasks for user 1 on page 1","timestamp":"2025-02-21T07:50:40.557Z"}
{"level":"info","message":"User ID: 1, Page: 1, Limit: 5, Offset: 0","timestamp":"2025-02-21T07:50:41.632Z"}
{"level":"info","message":"Successfully retrieved tasks for user 1 on page 1","timestamp":"2025-02-21T07:50:41.767Z"}
{"level":"info","message":"User ID: 1, Page: 1, Limit: 5, Offset: 0","timestamp":"2025-02-21T07:50:43.825Z"}
{"level":"info","message":"Successfully retrieved tasks for user 1 on page 1","timestamp":"2025-02-21T07:50:43.895Z"}
{"level":"info","message":"User ID: 1, Page: 1, Limit: 5, Offset: 0","timestamp":"2025-02-21T07:54:40.840Z"}
{"level":"info","message":"Successfully retrieved tasks for user 1 on page 1","timestamp":"2025-02-21T07:54:41.077Z"}
{"level":"info","message":"User ID: 1, Page: 1, Limit: 10, Offset: 0","timestamp":"2025-02-21T07:54:47.159Z"}
{"level":"info","message":"Successfully retrieved tasks for user 1 on page 1","timestamp":"2025-02-21T07:54:47.264Z"}
{"level":"info","message":"User ID: 1, Page: 1, Limit: 10, Offset: 0","timestamp":"2025-02-21T07:54:47.325Z"}
{"level":"info","message":"Successfully retrieved tasks for user 1 on page 1","timestamp":"2025-02-21T07:54:47.393Z"}
{"level":"info","message":"User ID: 1, Page: 1, Limit: 5, Offset: 0","timestamp":"2025-02-21T07:54:52.812Z"}
{"level":"info","message":"Successfully retrieved tasks for user 1 on page 1","timestamp":"2025-02-21T07:54:52.921Z"}
{"level":"info","message":"User ID: 1, Page: 1, Limit: 5, Offset: 0","timestamp":"2025-02-21T07:54:52.969Z"}
{"level":"info","message":"Successfully retrieved tasks for user 1 on page 1","timestamp":"2025-02-21T07:54:53.047Z"}
{"level":"info","message":"User ID: 1, Page: 2, Limit: 5, Offset: 5","timestamp":"2025-02-21T07:54:59.186Z"}
{"level":"info","message":"Successfully retrieved tasks for user 1 on page 2","timestamp":"2025-02-21T07:54:59.258Z"}
{"level":"info","message":"User ID: 1, Page: 1, Limit: 10, Offset: 0","timestamp":"2025-02-21T07:58:38.710Z"}
{"level":"info","message":"Successfully retrieved tasks for user 1 on page 1","timestamp":"2025-02-21T07:58:38.833Z"}
{"level":"info","message":"User ID: 1, Page: 1, Limit: 10, Offset: 0","timestamp":"2025-02-21T07:58:38.928Z"}
{"level":"info","message":"Successfully retrieved tasks for user 1 on page 1","timestamp":"2025-02-21T07:58:39.033Z"}
{"level":"info","message":"User ID: 1, Page: 1, Limit: 15, Offset: 0","timestamp":"2025-02-21T07:58:42.595Z"}
{"level":"info","message":"Successfully retrieved tasks for user 1 on page 1","timestamp":"2025-02-21T07:58:42.767Z"}
{"level":"info","message":"User ID: 1, Page: 1, Limit: 15, Offset: 0","timestamp":"2025-02-21T07:58:42.870Z"}
{"level":"info","message":"Successfully retrieved tasks for user 1 on page 1","timestamp":"2025-02-21T07:58:42.955Z"}
{"level":"info","message":"User ID: 1, Page: 1, Limit: 10, Offset: 0","timestamp":"2025-02-21T07:58:47.247Z"}
{"level":"info","message":"Successfully retrieved tasks for user 1 on page 1","timestamp":"2025-02-21T07:58:47.349Z"}
{"level":"info","message":"User ID: 1, Page: 1, Limit: 10, Offset: 0","timestamp":"2025-02-21T07:58:47.407Z"}
{"level":"info","message":"Successfully retrieved tasks for user 1 on page 1","timestamp":"2025-02-21T07:58:47.479Z"}
{"level":"info","message":"User ID: 1, Page: 1, Limit: 5, Offset: 0","timestamp":"2025-02-21T07:58:48.366Z"}
{"level":"info","message":"Successfully retrieved tasks for user 1 on page 1","timestamp":"2025-02-21T07:58:48.468Z"}
{"level":"info","message":"User ID: 1, Page: 1, Limit: 5, Offset: 0","timestamp":"2025-02-21T07:58:48.510Z"}
{"level":"info","message":"Successfully retrieved tasks for user 1 on page 1","timestamp":"2025-02-21T07:58:48.579Z"}
{"level":"info","message":"User ID: 1, Page: 1, Limit: 10, Offset: 0","timestamp":"2025-02-21T07:58:49.814Z"}
{"level":"info","message":"Successfully retrieved tasks for user 1 on page 1","timestamp":"2025-02-21T07:58:49.911Z"}
{"level":"info","message":"User ID: 1, Page: 1, Limit: 10, Offset: 0","timestamp":"2025-02-21T07:58:49.948Z"}
{"level":"info","message":"Successfully retrieved tasks for user 1 on page 1","timestamp":"2025-02-21T07:58:50.014Z"}
{"level":"warn","message":"Login failed: User with email nayan@gmail.com not found","timestamp":"2025-02-21T08:10:51.417Z"}
{"level":"warn","message":"Login failed: User with email pervej.cse19@gmail.com not found","timestamp":"2025-02-21T08:11:00.828Z"}
{"level":"info","message":"User pervejbd2029@gmail.com logged in successfully","timestamp":"2025-02-21T08:11:09.802Z"}
{"level":"info","message":"User ID: 7, Page: 1, Limit: 5, Offset: 0","timestamp":"2025-02-21T08:11:11.323Z"}
{"level":"info","message":"Successfully retrieved tasks for user 7 on page 1","timestamp":"2025-02-21T08:11:11.519Z"}
{"level":"info","message":"User ID: 7, Page: 1, Limit: 5, Offset: 0","timestamp":"2025-02-21T08:11:11.560Z"}
{"level":"info","message":"Successfully retrieved tasks for user 7 on page 1","timestamp":"2025-02-21T08:11:11.652Z"}
{"level":"info","message":"User ID: 7, Page: 1, Limit: 10, Offset: 0","timestamp":"2025-02-21T08:11:15.151Z"}
{"level":"info","message":"Successfully retrieved tasks for user 7 on page 1","timestamp":"2025-02-21T08:11:15.207Z"}
{"level":"info","message":"User ID: 7, Page: 1, Limit: 10, Offset: 0","timestamp":"2025-02-21T08:11:15.240Z"}
{"level":"info","message":"Successfully retrieved tasks for user 7 on page 1","timestamp":"2025-02-21T08:11:15.297Z"}
{"level":"info","message":"User ID: 7, Page: 1, Limit: 15, Offset: 0","timestamp":"2025-02-21T08:11:16.569Z"}
{"level":"info","message":"Successfully retrieved tasks for user 7 on page 1","timestamp":"2025-02-21T08:11:16.625Z"}
{"level":"info","message":"User ID: 7, Page: 1, Limit: 15, Offset: 0","timestamp":"2025-02-21T08:11:16.654Z"}
{"level":"info","message":"Successfully retrieved tasks for user 7 on page 1","timestamp":"2025-02-21T08:11:16.711Z"}
{"level":"info","message":"User ID: 7, Page: 1, Limit: 10, Offset: 0","timestamp":"2025-02-21T08:11:17.703Z"}
{"level":"info","message":"Successfully retrieved tasks for user 7 on page 1","timestamp":"2025-02-21T08:11:17.759Z"}
{"level":"info","message":"User ID: 7, Page: 1, Limit: 5, Offset: 0","timestamp":"2025-02-21T08:13:51.363Z"}
{"level":"info","message":"Successfully retrieved tasks for user 7 on page 1","timestamp":"2025-02-21T08:13:51.427Z"}
{"level":"info","message":"User ID: 7, Page: 1, Limit: 5, Offset: 0","timestamp":"2025-02-21T08:13:51.470Z"}
{"level":"info","message":"Successfully retrieved tasks for user 7 on page 1","timestamp":"2025-02-21T08:13:51.528Z"}
{"level":"info","message":"User ID: 7, Page: 1, Limit: 10, Offset: 0","timestamp":"2025-02-21T08:13:52.952Z"}
{"level":"info","message":"Successfully retrieved tasks for user 7 on page 1","timestamp":"2025-02-21T08:13:53.014Z"}
{"level":"info","message":"User ID: 7, Page: 1, Limit: 10, Offset: 0","timestamp":"2025-02-21T08:13:53.045Z"}
{"level":"info","message":"Successfully retrieved tasks for user 7 on page 1","timestamp":"2025-02-21T08:13:53.104Z"}
{"level":"info","message":"User ID: 7, Page: 1, Limit: 15, Offset: 0","timestamp":"2025-02-21T08:13:54.125Z"}
{"level":"info","message":"Successfully retrieved tasks for user 7 on page 1","timestamp":"2025-02-21T08:13:54.182Z"}
{"level":"info","message":"User ID: 7, Page: 1, Limit: 15, Offset: 0","timestamp":"2025-02-21T08:13:54.216Z"}
{"level":"info","message":"Successfully retrieved tasks for user 7 on page 1","timestamp":"2025-02-21T08:13:54.278Z"}
{"level":"info","message":"User ID: 7, Page: 1, Limit: 15, Offset: 0","timestamp":"2025-02-21T08:13:57.747Z"}
{"level":"info","message":"Successfully retrieved tasks for user 7 on page 1","timestamp":"2025-02-21T08:13:57.857Z"}
{"level":"info","message":"User ID: 7, Page: 1, Limit: 15, Offset: 0","timestamp":"2025-02-21T08:14:00.185Z"}
{"level":"info","message":"Successfully retrieved tasks for user 7 on page 1","timestamp":"2025-02-21T08:14:00.249Z"}
{"level":"info","message":"User ID: 7, Page: 1, Limit: 15, Offset: 0","timestamp":"2025-02-21T08:14:02.540Z"}
{"level":"info","message":"Successfully retrieved tasks for user 7 on page 1","timestamp":"2025-02-21T08:14:02.598Z"}
{"level":"info","message":"User ID: 1, Page: 2, Limit: 15, Offset: 15","timestamp":"2025-02-21T08:15:10.815Z"}
{"level":"info","message":"User ID: 1, Page: 2, Limit: 15, Offset: 15","timestamp":"2025-02-21T08:17:50.587Z"}
{"level":"info","message":"User ID: 1, Page: 1, Limit: 15, Offset: 0","timestamp":"2025-02-21T08:18:16.539Z"}
{"level":"info","message":"Successfully retrieved tasks for user 1 on page 1","timestamp":"2025-02-21T08:18:16.605Z"}
{"level":"info","message":"User ID: 1, Page: 1, Limit: 15, Offset: 0","timestamp":"2025-02-21T08:19:30.050Z"}
{"level":"info","message":"Successfully retrieved tasks for user 1 on page 1","timestamp":"2025-02-21T08:19:30.113Z"}
{"level":"info","message":"User ID: 1, Page: 1, Limit: 15, Offset: 0","timestamp":"2025-02-21T08:19:43.290Z"}
{"level":"info","message":"Successfully retrieved tasks for user 1 on page 1","timestamp":"2025-02-21T08:19:43.431Z"}
{"level":"info","message":"User ID: 1, Page: 1, Limit: 15, Offset: 0","timestamp":"2025-02-21T08:47:23.147Z"}
{"level":"info","message":"Successfully retrieved tasks for user 1 on page 1","timestamp":"2025-02-21T08:47:23.324Z"}
{"level":"info","message":"User jane.doe20@example.com logged in successfully","timestamp":"2025-02-21T09:56:23.331Z"}
{"level":"info","message":"User ID: 1, Page: 1, Limit: 5, Offset: 0","timestamp":"2025-02-21T09:56:25.374Z"}
{"level":"info","message":"Successfully retrieved tasks for user 1 on page 1","timestamp":"2025-02-21T09:56:25.592Z"}
{"level":"info","message":"User ID: 1, Page: 1, Limit: 5, Offset: 0","timestamp":"2025-02-21T09:56:25.646Z"}
{"level":"info","message":"Successfully retrieved tasks for user 1 on page 1","timestamp":"2025-02-21T09:56:25.728Z"}
{"level":"info","message":"User ID: 1, Page: 1, Limit: 5, Offset: 0","timestamp":"2025-02-21T10:32:34.040Z"}
{"level":"info","message":"Successfully retrieved tasks for user 1 on page 1","timestamp":"2025-02-21T10:32:34.962Z"}
{"level":"info","message":"User ID: 1, Page: 1, Limit: 5, Offset: 0","timestamp":"2025-02-21T10:32:35.137Z"}
{"level":"info","message":"Successfully retrieved tasks for user 1 on page 1","timestamp":"2025-02-21T10:32:35.291Z"}
{"level":"info","message":"User ID: 1, Page: 1, Limit: 10, Offset: 0","timestamp":"2025-02-21T10:33:03.483Z"}
{"level":"info","message":"Successfully retrieved tasks for user 1 on page 1","timestamp":"2025-02-21T10:33:03.634Z"}
{"level":"info","message":"User ID: 1, Page: 1, Limit: 10, Offset: 0","timestamp":"2025-02-21T10:33:08.633Z"}
{"level":"info","message":"Successfully retrieved tasks for user 1 on page 1","timestamp":"2025-02-21T10:33:09.051Z"}
{"level":"info","message":"User ID: 1, Page: 2, Limit: 10, Offset: 10","timestamp":"2025-02-21T10:33:10.797Z"}
{"level":"info","message":"Successfully retrieved tasks for user 1 on page 2","timestamp":"2025-02-21T10:33:10.863Z"}
{"level":"info","message":"User jane.doe20@example.com logged in successfully","timestamp":"2025-02-21T10:35:24.536Z"}
{"level":"info","message":"User jane.doe20@example.com logged in successfully","timestamp":"2025-02-21T10:39:00.826Z"}
{"level":"info","message":"User ID: 1, Page: 2, Limit: 10, Offset: 10","timestamp":"2025-02-21T10:48:11.415Z"}
{"level":"info","message":"Successfully retrieved tasks for user 1 on page 2","timestamp":"2025-02-21T10:48:11.870Z"}
{"level":"info","message":"User ID: 1, Page: 2, Limit: 10, Offset: 10","timestamp":"2025-02-21T10:48:11.955Z"}
{"level":"info","message":"Successfully retrieved tasks for user 1 on page 2","timestamp":"2025-02-21T10:48:12.112Z"}
{"level":"info","message":"User ID: 1, Page: 1, Limit: 5, Offset: 0","timestamp":"2025-02-21T10:48:19.637Z"}
{"level":"info","message":"Successfully retrieved tasks for user 1 on page 1","timestamp":"2025-02-21T10:48:19.750Z"}
{"level":"info","message":"User ID: 1, Page: 1, Limit: 5, Offset: 0","timestamp":"2025-02-21T10:48:19.879Z"}
{"level":"info","message":"Successfully retrieved tasks for user 1 on page 1","timestamp":"2025-02-21T10:48:19.976Z"}
{"level":"info","message":"User jane.doe20@example.com logged in successfully","timestamp":"2025-02-21T10:54:59.070Z"}
{"level":"info","message":"User ID: 1, Page: 1, Limit: 5, Offset: 0","timestamp":"2025-02-21T10:55:02.299Z"}
{"level":"info","message":"Successfully retrieved tasks for user 1 on page 1","timestamp":"2025-02-21T10:55:02.454Z"}
{"level":"info","message":"User ID: 1, Page: 1, Limit: 5, Offset: 0","timestamp":"2025-02-21T10:55:02.507Z"}
{"level":"info","message":"Successfully retrieved tasks for user 1 on page 1","timestamp":"2025-02-21T10:55:02.582Z"}
{"level":"info","message":"User ID: 1, Page: 1, Limit: 5, Offset: 0","timestamp":"2025-02-21T10:57:18.030Z"}
{"level":"info","message":"Successfully retrieved tasks for user 1 on page 1","timestamp":"2025-02-21T10:57:18.266Z"}
{"level":"info","message":"User ID: 1, Page: 1, Limit: 5, Offset: 0","timestamp":"2025-02-21T10:57:18.320Z"}
{"level":"info","message":"Successfully retrieved tasks for user 1 on page 1","timestamp":"2025-02-21T10:57:18.388Z"}
